#
# A fatal error has been detected by the Java Runtime Environment:
#
#  SIGSEGV (0xb) at pc=0x0000000104376d20, pid=23570, tid=16131
#
# JRE version: Java(TM) SE Runtime Environment (8.0_40-b27) (build 1.8.0_40-b27)
# Java VM: Java HotSpot(TM) 64-Bit Server VM (25.40-b25 mixed mode bsd-amd64 compressed oops)
# Problematic frame:
# V  [libjvm.dylib+0x432d20]
#
# Failed to write core dump. Core dumps have been disabled. To enable core dumping, try "ulimit -c unlimited" before starting Java again
#
# If you would like to submit a bug report, please visit:
#   http://bugreport.java.com/bugreport/crash.jsp
#

---------------  T H R E A D  ---------------

Current thread (0x00007fb73a832000):  JavaThread "JDWP Transport Listener: dt_socket" daemon [_thread_in_vm, id=16131, stack(0x0000700000935000,0x0000700000a35000)]

siginfo: si_signo: 11 (SIGSEGV), si_code: 0 (unknown), si_addr: 0x0000000000000000

Registers:
RAX=0x0000000000000001, RBX=0x0000700000a34a8b, RCX=0x000000010473e190, RDX=0x0000700000a34a8b
RSP=0x0000700000a349d0, RBP=0x0000700000a349e0, RSI=0x00007fb73a832000, RDI=0xf00007fb739c58f6
R8 =0x0000000000000000, R9 =0x0000000000000000, R10=0x0000000000000001, R11=0x00007fb739c00000
R12=0x00007fb73a832000, R13=0xf00007fb739c58f6, R14=0xf00007fb739c58f6, R15=0x00007fb739d07060
RIP=0x0000000104376d20, EFLAGS=0x0000000000010286, ERR=0x0000000000000000
  TRAPNO=0x000000000000000d

Top of Stack: (sp=0x0000700000a349d0)
0x0000700000a349d0:   0000700000a34a8b 0000700000a34a8b
0x0000700000a349e0:   0000700000a34a40 000000010428711a
0x0000700000a349f0:   00007fb73a832000 0000000000000000
0x0000700000a34a00:   0000000000000000 0000000000000000
0x0000700000a34a10:   00007fb73a832000 00007fb73a832000
0x0000700000a34a20:   0000700000a34a8b 0000700000a34a90
0x0000700000a34a30:   f00007fb739c58f6 0000000000000005
0x0000700000a34a40:   0000700000a34a60 0000000104f15780
0x0000700000a34a50:   0000000000000001 0000700000a34b08
0x0000700000a34a60:   0000700000a34ad0 0000000104efa1f3
0x0000700000a34a70:   0000700000a34aa0 00007fb739c30930
0x0000700000a34a80:   0000000700000032 0000000a00a34b08
0x0000700000a34a90:   0000000000000000 0000000000000000
0x0000700000a34aa0:   0000000000000000 0000700000a34c90
0x0000700000a34ab0:   0000000104f1ce7a 00007fb739d24a40
0x0000700000a34ac0:   0000700000a34b08 0000000104f28598
0x0000700000a34ad0:   0000700000a34ae0 0000000104efa2ec
0x0000700000a34ae0:   0000700000a34d00 0000000104f03898
0x0000700000a34af0:   000043a900000013 00000000000f0200
0x0000700000a34b00:   00007fb739d114b0 00007fb739c5b3e8
0x0000700000a34b10:   00007fb700000120 00007fb739c58f00
0x0000700000a34b20:   00007fb70000012c 0000700000a34b58
0x0000700000a34b30:   00007fb739c58f00 0000000000000000
0x0000700000a34b40:   000043a90000001c 00007fff0000cc80
0x0000700000a34b50:   0000700000a34b58 b77f000007000000
0x0000700000a34b60:   06000000504ed239 00003e74696e693c
0x0000700000a34b70:   0000005629280300 7f00000100000000
0x0000700000a34b80:   000000584ed239b7 0000006e69616d04
0x0000700000a34b90:   6176616a4c5b2816 74532f676e616c2f
0x0000700000a34ba0:   0056293b676e6972 0009000000000000
0x0000700000a34bb0:   00784ed239b77f00 73797a636f090000
0x0000700000a34bc0:   27000000324f5f63 752f6176616a4c28 

Instructions: (pc=0x0000000104376d20)
0x0000000104376d00:   40 48 48 85 c0 75 e0 30 c0 0f b6 c0 5d c3 31 c0
0x0000000104376d10:   5d c3 55 48 89 e5 53 48 83 ec 08 48 85 ff 74 24
0x0000000104376d20:   48 8b 1f 48 85 db 74 1c 48 83 fb 37 74 16 48 8b
0x0000000104376d30:   03 48 89 df ff 50 10 84 c0 b8 00 00 00 00 48 0f 

Register to memory mapping:

RAX=0x0000000000000001 is an unknown value
RBX=0x0000700000a34a8b is pointing into the stack for thread: 0x00007fb73a832000
RCX=0x000000010473e190: UseMembar+0 in /Library/Java/JavaVirtualMachines/jdk1.8.0_40.jdk/Contents/Home/jre/lib/server/libjvm.dylib at 0x0000000103f44000
RDX=0x0000700000a34a8b is pointing into the stack for thread: 0x00007fb73a832000
RSP=0x0000700000a349d0 is pointing into the stack for thread: 0x00007fb73a832000
RBP=0x0000700000a349e0 is pointing into the stack for thread: 0x00007fb73a832000
RSI=0x00007fb73a832000 is a thread
RDI=0xf00007fb739c58f6 is an unknown value
R8 =0x0000000000000000 is an unknown value
R9 =0x0000000000000000 is an unknown value
R10=0x0000000000000001 is an unknown value
R11=0x00007fb739c00000 is an unknown value
R12=0x00007fb73a832000 is a thread
R13=0xf00007fb739c58f6 is an unknown value
R14=0xf00007fb739c58f6 is an unknown value
R15=0x00007fb739d07060 is an unknown value


Stack: [0x0000700000935000,0x0000700000a35000],  sp=0x0000700000a349d0,  free space=1022k
Native frames: (J=compiled Java code, j=interpreted, Vv=VM code, C=native code)
V  [libjvm.dylib+0x432d20]
V  [libjvm.dylib+0x34311a]
C  [libjdwp.dylib+0x20780]  isMethodSynthetic+0x63
C  [libjdwp.dylib+0x51f3]  methods1+0x10b
C  [libjdwp.dylib+0x52ec]  methodsWithGeneric+0xe
C  [libjdwp.dylib+0xe898]  debugLoop_run+0x1ce
C  [libjdwp.dylib+0x1f6ba]  attachThread+0x4d
V  [libjvm.dylib+0x384060]
V  [libjvm.dylib+0x549acf]
V  [libjvm.dylib+0x54b1c0]
V  [libjvm.dylib+0x46ea8e]
C  [libsystem_pthread.dylib+0x399d]  _pthread_body+0x83
C  [libsystem_pthread.dylib+0x391a]  _pthread_body+0x0
C  [libsystem_pthread.dylib+0x1351]  thread_start+0xd
C  0x0000000000000000


---------------  P R O C E S S  ---------------

Java Threads: ( => current thread )
  0x00007fb73a073800 JavaThread "Service Thread" daemon [_thread_blocked, id=18691, stack(0x0000700000e44000,0x0000700000f44000)]
  0x00007fb73a837000 JavaThread "C1 CompilerThread1" daemon [_thread_blocked, id=18179, stack(0x0000700000d41000,0x0000700000e41000)]
  0x00007fb73a822800 JavaThread "C2 CompilerThread0" daemon [_thread_blocked, id=17667, stack(0x0000700000c3e000,0x0000700000d3e000)]
  0x00007fb73a835800 JavaThread "JDWP Command Reader" daemon [_thread_in_native, id=17155, stack(0x0000700000b3b000,0x0000700000c3b000)]
  0x00007fb73a832800 JavaThread "JDWP Event Helper Thread" daemon [_thread_blocked, id=16643, stack(0x0000700000a38000,0x0000700000b38000)]
=>0x00007fb73a832000 JavaThread "JDWP Transport Listener: dt_socket" daemon [_thread_in_vm, id=16131, stack(0x0000700000935000,0x0000700000a35000)]
  0x00007fb73a06b800 JavaThread "Signal Dispatcher" daemon [_thread_blocked, id=15619, stack(0x0000700000832000,0x0000700000932000)]
  0x00007fb73a055800 JavaThread "Finalizer" daemon [_thread_blocked, id=11267, stack(0x0000700000629000,0x0000700000729000)]
  0x00007fb73a04f800 JavaThread "Reference Handler" daemon [_thread_blocked, id=10755, stack(0x0000700000526000,0x0000700000626000)]
  0x00007fb73a012000 JavaThread "main" [_thread_blocked, id=5891, stack(0x000070000011a000,0x000070000021a000)]

Other Threads:
  0x00007fb73a00f000 VMThread [stack: 0x0000700000423000,0x0000700000523000] [id=10243]
  0x00007fb73a06c000 WatcherThread [stack: 0x0000700000f47000,0x0000700001047000] [id=19203]

VM state:not at safepoint (normal execution)

VM Mutex/Monitor currently owned by a thread: None

Heap:
 PSYoungGen      total 18944K, used 1638K [0x00000007aab00000, 0x00000007ac000000, 0x00000007c0000000)
  eden space 16384K, 10% used [0x00000007aab00000,0x00000007aac99ac8,0x00000007abb00000)
  from space 2560K, 0% used [0x00000007abd80000,0x00000007abd80000,0x00000007ac000000)
  to   space 2560K, 0% used [0x00000007abb00000,0x00000007abb00000,0x00000007abd80000)
 ParOldGen       total 44032K, used 0K [0x0000000780000000, 0x0000000782b00000, 0x00000007aab00000)
  object space 44032K, 0% used [0x0000000780000000,0x0000000780000000,0x0000000782b00000)
 Metaspace       used 2801K, capacity 4562K, committed 4864K, reserved 1056768K
  class space    used 300K, capacity 386K, committed 512K, reserved 1048576K

Card table byte_map: [0x00000001147c0000,0x00000001149c1000] byte_map_base: 0x0000000110bc0000

Marking Bits: (ParMarkBitMap*) 0x00000001048067a0
 Begin Bits: [0x0000000114b17000, 0x0000000115b17000)
 End Bits:   [0x0000000115b17000, 0x0000000116b17000)

Polling page: 0x0000000104ef4000

CodeCache: size=245760Kb used=1134Kb max_used=1134Kb free=244625Kb
 bounds [0x0000000105400000, 0x0000000105670000, 0x0000000114400000]
 total_blobs=266 nmethods=36 adapters=154
 compilation: enabled

Compilation events (10 events):
Event: 0.537 Thread 0x00007fb73a837000   32       3       java.lang.String::getChars (62 bytes)
Event: 0.538 Thread 0x00007fb73a837000 nmethod 32 0x0000000105519dd0 code [0x0000000105519fa0, 0x000000010551a438]
Event: 0.541 Thread 0x00007fb73a837000   33       1       java.lang.ThreadLocal::access$400 (5 bytes)
Event: 0.541 Thread 0x00007fb73a837000 nmethod 33 0x000000010551a710 code [0x000000010551a860, 0x000000010551a950]
Event: 0.557 Thread 0x00007fb73a837000   34       3       java.lang.System::getSecurityManager (4 bytes)
Event: 0.558 Thread 0x00007fb73a837000 nmethod 34 0x000000010551a9d0 code [0x000000010551ab20, 0x000000010551ac70]
Event: 0.558 Thread 0x00007fb73a837000   35       3       java.lang.CharacterData::of (120 bytes)
Event: 0.558 Thread 0x00007fb73a837000 nmethod 35 0x000000010551acd0 code [0x000000010551ae80, 0x000000010551b430]
Event: 0.558 Thread 0x00007fb73a837000   36       3       java.lang.CharacterDataLatin1::getProperties (11 bytes)
Event: 0.558 Thread 0x00007fb73a837000 nmethod 36 0x000000010551b6d0 code [0x000000010551b840, 0x000000010551b9d0]

GC Heap History (0 events):
No events

Deoptimization events (0 events):
No events

Internal exceptions (2 events):
Event: 0.139 Thread 0x00007fb73a012000 Exception <a 'java/lang/NoSuchMethodError': Method sun.misc.Unsafe.defineClass(Ljava/lang/String;[BII)Ljava/lang/Class; name or signature does not match> (0x00000007aab129d8) thrown at [/Users/java_re/workspace/8-2-build-macosx-x86_64/jdk8u40/3153/hotspot
Event: 0.139 Thread 0x00007fb73a012000 Exception <a 'java/lang/NoSuchMethodError': Method sun.misc.Unsafe.prefetchRead(Ljava/lang/Object;J)V name or signature does not match> (0x00000007aab12c68) thrown at [/Users/java_re/workspace/8-2-build-macosx-x86_64/jdk8u40/3153/hotspot/src/share/vm/prim

Events (10 events):
Event: 434.531 Executing VM operation: GetCurrentLocation
Event: 434.532 Executing VM operation: GetCurrentLocation done
Event: 434.532 Executing VM operation: EnterInterpOnlyMode
Event: 434.532 Executing VM operation: EnterInterpOnlyMode done
Event: 434.532 Executing VM operation: ChangeSingleStep
Event: 434.532 Executing VM operation: ChangeSingleStep done
Event: 434.532 Executing VM operation: ChangeSingleStep
Event: 434.532 Executing VM operation: ChangeSingleStep done
Event: 434.536 Executing VM operation: RedefineClasses
Event: 434.537 Executing VM operation: RedefineClasses done


Dynamic libraries:
0x000000000985e000 	/System/Library/Frameworks/Cocoa.framework/Versions/A/Cocoa
0x000000000985e000 	/System/Library/Frameworks/Security.framework/Versions/A/Security
0x000000000985e000 	/System/Library/Frameworks/ApplicationServices.framework/Versions/A/ApplicationServices
0x000000000985e000 	/usr/lib/libz.1.dylib
0x000000000985e000 	/usr/lib/libSystem.B.dylib
0x000000000985e000 	/usr/lib/libobjc.A.dylib
0x000000000985e000 	/System/Library/Frameworks/CoreFoundation.framework/Versions/A/CoreFoundation
0x000000000985e000 	/System/Library/Frameworks/Foundation.framework/Versions/C/Foundation
0x000000000985e000 	/System/Library/Frameworks/AppKit.framework/Versions/C/AppKit
0x000000000985e000 	/System/Library/Frameworks/CoreData.framework/Versions/A/CoreData
0x000000000985e000 	/System/Library/PrivateFrameworks/RemoteViewServices.framework/Versions/A/RemoteViewServices
0x000000000985e000 	/System/Library/PrivateFrameworks/UIFoundation.framework/Versions/A/UIFoundation
0x000000000985e000 	/usr/lib/libScreenReader.dylib
0x000000000985e000 	/System/Library/Frameworks/Accelerate.framework/Versions/A/Accelerate
0x000000000985e000 	/System/Library/Frameworks/IOSurface.framework/Versions/A/IOSurface
0x000000000985e000 	/System/Library/Frameworks/AudioToolbox.framework/Versions/A/AudioToolbox
0x000000000985e000 	/System/Library/Frameworks/AudioUnit.framework/Versions/A/AudioUnit
0x000000000985e000 	/System/Library/PrivateFrameworks/DataDetectorsCore.framework/Versions/A/DataDetectorsCore
0x000000000985e000 	/System/Library/PrivateFrameworks/DesktopServicesPriv.framework/Versions/A/DesktopServicesPriv
0x000000000985e000 	/System/Library/Frameworks/Carbon.framework/Versions/A/Frameworks/HIToolbox.framework/Versions/A/HIToolbox
0x000000000985e000 	/System/Library/Frameworks/QuartzCore.framework/Versions/A/QuartzCore
0x000000000985e000 	/System/Library/Frameworks/Carbon.framework/Versions/A/Frameworks/SpeechRecognition.framework/Versions/A/SpeechRecognition
0x000000000985e000 	/usr/lib/libauto.dylib
0x000000000985e000 	/usr/lib/libicucore.A.dylib
0x000000000985e000 	/usr/lib/libxml2.2.dylib
0x000000000985e000 	/System/Library/PrivateFrameworks/CoreUI.framework/Versions/A/CoreUI
0x000000000985e000 	/System/Library/Frameworks/CoreAudio.framework/Versions/A/CoreAudio
0x000000000985e000 	/System/Library/Frameworks/DiskArbitration.framework/Versions/A/DiskArbitration
0x000000000985e000 	/usr/lib/liblangid.dylib
0x000000000985e000 	/System/Library/PrivateFrameworks/MultitouchSupport.framework/Versions/A/MultitouchSupport
0x000000000985e000 	/System/Library/Frameworks/IOKit.framework/Versions/A/IOKit
0x000000000985e000 	/usr/lib/libDiagnosticMessagesClient.dylib
0x000000000985e000 	/System/Library/Frameworks/CoreServices.framework/Versions/A/CoreServices
0x000000000985e000 	/System/Library/PrivateFrameworks/PerformanceAnalysis.framework/Versions/A/PerformanceAnalysis
0x000000000985e000 	/System/Library/PrivateFrameworks/GenerationalStorage.framework/Versions/A/GenerationalStorage
0x000000000985e000 	/System/Library/Frameworks/OpenGL.framework/Versions/A/OpenGL
0x000000000985e000 	/System/Library/PrivateFrameworks/Sharing.framework/Versions/A/Sharing
0x000000000985e000 	/System/Library/Frameworks/CoreGraphics.framework/Versions/A/CoreGraphics
0x000000000985e000 	/System/Library/Frameworks/CoreImage.framework/Versions/A/CoreImage
0x000000000985e000 	/System/Library/Frameworks/CoreText.framework/Versions/A/CoreText
0x000000000985e000 	/System/Library/Frameworks/ImageIO.framework/Versions/A/ImageIO
0x000000000985e000 	/System/Library/PrivateFrameworks/Backup.framework/Versions/A/Backup
0x000000000985e000 	/usr/lib/libextension.dylib
0x000000000985e000 	/usr/lib/libarchive.2.dylib
0x000000000985e000 	/System/Library/Frameworks/CFNetwork.framework/Versions/A/CFNetwork
0x000000000985e000 	/System/Library/Frameworks/SystemConfiguration.framework/Versions/A/SystemConfiguration
0x000000000985e000 	/usr/lib/libCRFSuite.dylib
0x000000000985e000 	/usr/lib/libc++.1.dylib
0x000000000985e000 	/usr/lib/libc++abi.dylib
0x000000000985e000 	/usr/lib/system/libcache.dylib
0x000000000985e000 	/usr/lib/system/libcommonCrypto.dylib
0x000000000985e000 	/usr/lib/system/libcompiler_rt.dylib
0x000000000985e000 	/usr/lib/system/libcopyfile.dylib
0x000000000985e000 	/usr/lib/system/libcorecrypto.dylib
0x000000000985e000 	/usr/lib/system/libdispatch.dylib
0x000000000985e000 	/usr/lib/system/libdyld.dylib
0x000000000985e000 	/usr/lib/system/libkeymgr.dylib
0x000000000985e000 	/usr/lib/system/liblaunch.dylib
0x000000000985e000 	/usr/lib/system/libmacho.dylib
0x000000000985e000 	/usr/lib/system/libquarantine.dylib
0x000000000985e000 	/usr/lib/system/libremovefile.dylib
0x000000000985e000 	/usr/lib/system/libsystem_asl.dylib
0x000000000985e000 	/usr/lib/system/libsystem_blocks.dylib
0x000000000985e000 	/usr/lib/system/libsystem_c.dylib
0x000000000985e000 	/usr/lib/system/libsystem_configuration.dylib
0x000000000985e000 	/usr/lib/system/libsystem_coreservices.dylib
0x000000000985e000 	/usr/lib/system/libsystem_coretls.dylib
0x000000000985e000 	/usr/lib/system/libsystem_dnssd.dylib
0x000000000985e000 	/usr/lib/system/libsystem_info.dylib
0x000000000985e000 	/usr/lib/system/libsystem_kernel.dylib
0x000000000985e000 	/usr/lib/system/libsystem_m.dylib
0x000000000985e000 	/usr/lib/system/libsystem_malloc.dylib
0x000000000985e000 	/usr/lib/system/libsystem_network.dylib
0x000000000985e000 	/usr/lib/system/libsystem_networkextension.dylib
0x000000000985e000 	/usr/lib/system/libsystem_notify.dylib
0x000000000985e000 	/usr/lib/system/libsystem_platform.dylib
0x000000000985e000 	/usr/lib/system/libsystem_pthread.dylib
0x000000000985e000 	/usr/lib/system/libsystem_sandbox.dylib
0x000000000985e000 	/usr/lib/system/libsystem_secinit.dylib
0x000000000985e000 	/usr/lib/system/libsystem_trace.dylib
0x000000000985e000 	/usr/lib/system/libunc.dylib
0x000000000985e000 	/usr/lib/system/libunwind.dylib
0x000000000985e000 	/usr/lib/system/libxpc.dylib
0x000000000985e000 	/usr/lib/libenergytrace.dylib
0x000000000985e000 	/usr/lib/libbsm.0.dylib
0x000000000985e000 	/usr/lib/system/libkxld.dylib
0x000000000985e000 	/usr/lib/libxar.1.dylib
0x000000000985e000 	/usr/lib/libsqlite3.dylib
0x000000000985e000 	/usr/lib/libpam.2.dylib
0x000000000985e000 	/usr/lib/libOpenScriptingUtil.dylib
0x000000000985e000 	/usr/lib/libbz2.1.0.dylib
0x000000000985e000 	/usr/lib/liblzma.5.dylib
0x000000000985e000 	/System/Library/Frameworks/CoreServices.framework/Versions/A/Frameworks/FSEvents.framework/Versions/A/FSEvents
0x000000000985e000 	/System/Library/Frameworks/CoreServices.framework/Versions/A/Frameworks/CarbonCore.framework/Versions/A/CarbonCore
0x000000000985e000 	/System/Library/Frameworks/CoreServices.framework/Versions/A/Frameworks/Metadata.framework/Versions/A/Metadata
0x000000000985e000 	/System/Library/Frameworks/CoreServices.framework/Versions/A/Frameworks/OSServices.framework/Versions/A/OSServices
0x000000000985e000 	/System/Library/Frameworks/CoreServices.framework/Versions/A/Frameworks/SearchKit.framework/Versions/A/SearchKit
0x000000000985e000 	/System/Library/Frameworks/CoreServices.framework/Versions/A/Frameworks/AE.framework/Versions/A/AE
0x000000000985e000 	/System/Library/Frameworks/CoreServices.framework/Versions/A/Frameworks/LaunchServices.framework/Versions/A/LaunchServices
0x000000000985e000 	/System/Library/Frameworks/CoreServices.framework/Versions/A/Frameworks/DictionaryServices.framework/Versions/A/DictionaryServices
0x000000000985e000 	/System/Library/Frameworks/CoreServices.framework/Versions/A/Frameworks/SharedFileList.framework/Versions/A/SharedFileList
0x000000000985e000 	/System/Library/Frameworks/NetFS.framework/Versions/A/NetFS
0x000000000985e000 	/System/Library/PrivateFrameworks/NetAuth.framework/Versions/A/NetAuth
0x000000000985e000 	/System/Library/PrivateFrameworks/login.framework/Versions/A/Frameworks/loginsupport.framework/Versions/A/loginsupport
0x000000000985e000 	/System/Library/PrivateFrameworks/TCC.framework/Versions/A/TCC
0x000000000985e000 	/usr/lib/libmecabra.dylib
0x000000000985e000 	/System/Library/Frameworks/ApplicationServices.framework/Versions/A/Frameworks/ATS.framework/Versions/A/ATS
0x000000000985e000 	/System/Library/Frameworks/ApplicationServices.framework/Versions/A/Frameworks/ColorSync.framework/Versions/A/ColorSync
0x000000000985e000 	/System/Library/Frameworks/ApplicationServices.framework/Versions/A/Frameworks/HIServices.framework/Versions/A/HIServices
0x000000000985e000 	/System/Library/Frameworks/ApplicationServices.framework/Versions/A/Frameworks/LangAnalysis.framework/Versions/A/LangAnalysis
0x000000000985e000 	/System/Library/Frameworks/ApplicationServices.framework/Versions/A/Frameworks/PrintCore.framework/Versions/A/PrintCore
0x000000000985e000 	/System/Library/Frameworks/ApplicationServices.framework/Versions/A/Frameworks/QD.framework/Versions/A/QD
0x000000000985e000 	/System/Library/Frameworks/ApplicationServices.framework/Versions/A/Frameworks/SpeechSynthesis.framework/Versions/A/SpeechSynthesis
0x000000000985e000 	/System/Library/Frameworks/Metal.framework/Versions/A/Metal
0x000000000985e000 	/System/Library/Frameworks/Accelerate.framework/Versions/A/Frameworks/vImage.framework/Versions/A/vImage
0x000000000985e000 	/System/Library/Frameworks/Accelerate.framework/Versions/A/Frameworks/vecLib.framework/Versions/A/vecLib
0x000000000985e000 	/System/Library/Frameworks/Accelerate.framework/Versions/A/Frameworks/vecLib.framework/Versions/A/libvDSP.dylib
0x000000000985e000 	/System/Library/Frameworks/Accelerate.framework/Versions/A/Frameworks/vecLib.framework/Versions/A/libvMisc.dylib
0x000000000985e000 	/System/Library/Frameworks/Accelerate.framework/Versions/A/Frameworks/vecLib.framework/Versions/A/libLAPACK.dylib
0x000000000985e000 	/System/Library/Frameworks/Accelerate.framework/Versions/A/Frameworks/vecLib.framework/Versions/A/libBLAS.dylib
0x000000000985e000 	/System/Library/Frameworks/Accelerate.framework/Versions/A/Frameworks/vecLib.framework/Versions/A/libLinearAlgebra.dylib
0x000000000985e000 	/System/Library/Frameworks/Accelerate.framework/Versions/A/Frameworks/vecLib.framework/Versions/A/libSparseBLAS.dylib
0x000000000985e000 	/System/Library/PrivateFrameworks/GPUCompiler.framework/libmetal_timestamp.dylib
0x000000000985e000 	/System/Library/Frameworks/OpenGL.framework/Versions/A/Libraries/libCoreFSCache.dylib
0x000000000985e000 	/System/Library/PrivateFrameworks/IOAccelerator.framework/Versions/A/IOAccelerator
0x000000000985e000 	/System/Library/Frameworks/ApplicationServices.framework/Versions/A/Frameworks/ATS.framework/Versions/A/Resources/libFontParser.dylib
0x000000000985e000 	/System/Library/Frameworks/ApplicationServices.framework/Versions/A/Frameworks/ATS.framework/Versions/A/Resources/libFontRegistry.dylib
0x000000000985e000 	/System/Library/PrivateFrameworks/AppleVPA.framework/Versions/A/AppleVPA
0x000000000985e000 	/System/Library/PrivateFrameworks/AppleJPEG.framework/Versions/A/AppleJPEG
0x000000000985e000 	/System/Library/Frameworks/ImageIO.framework/Versions/A/Resources/libJPEG.dylib
0x000000000985e000 	/System/Library/Frameworks/ImageIO.framework/Versions/A/Resources/libTIFF.dylib
0x000000000985e000 	/System/Library/Frameworks/ImageIO.framework/Versions/A/Resources/libPng.dylib
0x000000000985e000 	/System/Library/Frameworks/ImageIO.framework/Versions/A/Resources/libGIF.dylib
0x000000000985e000 	/System/Library/Frameworks/ImageIO.framework/Versions/A/Resources/libJP2.dylib
0x000000000985e000 	/System/Library/Frameworks/ImageIO.framework/Versions/A/Resources/libRadiance.dylib
0x000000000985e000 	/System/Library/Frameworks/CoreVideo.framework/Versions/A/CoreVideo
0x000000000985e000 	/System/Library/Frameworks/OpenGL.framework/Versions/A/Libraries/libGLU.dylib
0x000000000985e000 	/System/Library/Frameworks/OpenGL.framework/Versions/A/Libraries/libGFXShared.dylib
0x000000000985e000 	/System/Library/Frameworks/OpenGL.framework/Versions/A/Libraries/libGL.dylib
0x000000000985e000 	/System/Library/Frameworks/OpenGL.framework/Versions/A/Libraries/libGLImage.dylib
0x000000000985e000 	/System/Library/Frameworks/OpenGL.framework/Versions/A/Libraries/libCVMSPluginSupport.dylib
0x000000000985e000 	/System/Library/Frameworks/OpenGL.framework/Versions/A/Libraries/libCoreVMClient.dylib
0x000000000985e000 	/usr/lib/libcompression.dylib
0x000000000985e000 	/usr/lib/libcups.2.dylib
0x000000000985e000 	/System/Library/Frameworks/Kerberos.framework/Versions/A/Kerberos
0x000000000985e000 	/System/Library/Frameworks/GSS.framework/Versions/A/GSS
0x000000000985e000 	/usr/lib/libresolv.9.dylib
0x000000000985e000 	/usr/lib/libiconv.2.dylib
0x000000000985e000 	/System/Library/PrivateFrameworks/Heimdal.framework/Versions/A/Heimdal
0x000000000985e000 	/usr/lib/libheimdal-asn1.dylib
0x000000000985e000 	/System/Library/Frameworks/OpenDirectory.framework/Versions/A/OpenDirectory
0x000000000985e000 	/System/Library/PrivateFrameworks/CommonAuth.framework/Versions/A/CommonAuth
0x000000000985e000 	/System/Library/Frameworks/OpenDirectory.framework/Versions/A/Frameworks/CFOpenDirectory.framework/Versions/A/CFOpenDirectory
0x000000000985e000 	/System/Library/Frameworks/SecurityFoundation.framework/Versions/A/SecurityFoundation
0x000000000985e000 	/System/Library/PrivateFrameworks/LanguageModeling.framework/Versions/A/LanguageModeling
0x000000000985e000 	/usr/lib/libmarisa.dylib
0x000000000985e000 	/usr/lib/libChineseTokenizer.dylib
0x000000000985e000 	/usr/lib/libcmph.dylib
0x000000000985e000 	/System/Library/Frameworks/ServiceManagement.framework/Versions/A/ServiceManagement
0x000000000985e000 	/usr/lib/libxslt.1.dylib
0x000000000985e000 	/System/Library/Frameworks/Carbon.framework/Versions/A/Frameworks/Ink.framework/Versions/A/Ink
0x000000000985e000 	/usr/lib/libFosl_dynamic.dylib
0x000000000985e000 	/System/Library/PrivateFrameworks/FaceCore.framework/Versions/A/FaceCore
0x000000000985e000 	/System/Library/Frameworks/OpenCL.framework/Versions/A/OpenCL
0x000000000985e000 	/System/Library/PrivateFrameworks/CrashReporterSupport.framework/Versions/A/CrashReporterSupport
0x000000000985e000 	/System/Library/PrivateFrameworks/IconServices.framework/Versions/A/IconServices
0x000000000985e000 	/System/Library/PrivateFrameworks/Apple80211.framework/Versions/A/Apple80211
0x000000000985e000 	/System/Library/Frameworks/CoreWLAN.framework/Versions/A/CoreWLAN
0x000000000985e000 	/System/Library/Frameworks/IOBluetooth.framework/Versions/A/IOBluetooth
0x000000000985e000 	/System/Library/PrivateFrameworks/CoreWiFi.framework/Versions/A/CoreWiFi
0x000000000985e000 	/System/Library/Frameworks/CoreBluetooth.framework/Versions/A/CoreBluetooth
0x000000000985e000 	/System/Library/PrivateFrameworks/ChunkingLibrary.framework/Versions/A/ChunkingLibrary
0x000000000985e000 	/System/Library/PrivateFrameworks/DebugSymbols.framework/Versions/A/DebugSymbols
0x000000000985e000 	/System/Library/PrivateFrameworks/CoreSymbolication.framework/Versions/A/CoreSymbolication
0x000000000985e000 	/System/Library/PrivateFrameworks/Symbolication.framework/Versions/A/Symbolication
0x000000000985e000 	/System/Library/PrivateFrameworks/SpeechRecognitionCore.framework/Versions/A/SpeechRecognitionCore
0x000000004920e000 	/System/Library/CoreServices/Encodings/libLatin2Converter.dylib
0x0000000103f44000 	/Library/Java/JavaVirtualMachines/jdk1.8.0_40.jdk/Contents/Home/jre/lib/server/libjvm.dylib
0x000000000985e000 	/usr/lib/libstdc++.6.dylib
0x0000000104eb1000 	/Library/Java/JavaVirtualMachines/jdk1.8.0_40.jdk/Contents/Home/jre/lib/libverify.dylib
0x0000000104ebf000 	/Library/Java/JavaVirtualMachines/jdk1.8.0_40.jdk/Contents/Home/jre/lib/libjava.dylib
0x0000000104ef5000 	/Library/Java/JavaVirtualMachines/jdk1.8.0_40.jdk/Contents/Home/jre/lib/libjdwp.dylib
0x0000000104f40000 	/Library/Java/JavaVirtualMachines/jdk1.8.0_40.jdk/Contents/Home/jre/lib/libnpt.dylib
0x0000000104f4d000 	/Library/Java/JavaVirtualMachines/jdk1.8.0_40.jdk/Contents/Home/jre/lib/libzip.dylib
0x0000000118122000 	/System/Library/Frameworks/JavaVM.framework/Frameworks/JavaRuntimeSupport.framework/JavaRuntimeSupport
0x000000011813d000 	/System/Library/Frameworks/JavaVM.framework/Versions/A/Frameworks/JavaNativeFoundation.framework/Versions/A/JavaNativeFoundation
0x0000000104fee000 	/System/Library/Frameworks/JavaVM.framework/Versions/A/JavaVM
0x000000000985e000 	/System/Library/Frameworks/Carbon.framework/Versions/A/Carbon
0x0000000118152000 	/System/Library/PrivateFrameworks/JavaLaunching.framework/Versions/A/JavaLaunching
0x000000000985e000 	/System/Library/Frameworks/Carbon.framework/Versions/A/Frameworks/CommonPanels.framework/Versions/A/CommonPanels
0x000000000985e000 	/System/Library/Frameworks/Carbon.framework/Versions/A/Frameworks/Help.framework/Versions/A/Help
0x000000000985e000 	/System/Library/Frameworks/Carbon.framework/Versions/A/Frameworks/ImageCapture.framework/Versions/A/ImageCapture
0x000000000985e000 	/System/Library/Frameworks/Carbon.framework/Versions/A/Frameworks/OpenScripting.framework/Versions/A/OpenScripting
0x000000000985e000 	/System/Library/Frameworks/Carbon.framework/Versions/A/Frameworks/Print.framework/Versions/A/Print
0x000000000985e000 	/System/Library/Frameworks/Carbon.framework/Versions/A/Frameworks/SecurityHI.framework/Versions/A/SecurityHI
0x0000000119a71000 	/Library/Java/JavaVirtualMachines/jdk1.8.0_40.jdk/Contents/Home/jre/lib/libdt_socket.dylib

VM Arguments:
jvm_args: -agentlib:jdwp=transport=dt_socket,suspend=y,address=localhost:50001 -Dfile.encoding=UTF-8 
java_command: Main
java_class_path (initial): /Users/andrzej/Documents/workspace/PrzeszukiwanieLabiryntu/bin
Launcher Type: SUN_STANDARD

Environment Variables:
PATH=/usr/bin:/bin:/usr/sbin:/sbin
SHELL=/bin/bash

Signal Handlers:
SIGSEGV: [libjvm.dylib+0x58ef95], sa_mask[0]=11111111011111110111111111111111, sa_flags=SA_ONSTACK|SA_RESTART|SA_SIGINFO
SIGBUS: [libjvm.dylib+0x58ef95], sa_mask[0]=11111111011111110111111111111111, sa_flags=SA_RESTART|SA_SIGINFO
SIGFPE: [libjvm.dylib+0x46c118], sa_mask[0]=11111111011111110111111111111111, sa_flags=SA_RESTART|SA_SIGINFO
SIGPIPE: [libjvm.dylib+0x46c118], sa_mask[0]=11111111011111110111111111111111, sa_flags=SA_RESTART|SA_SIGINFO
SIGXFSZ: [libjvm.dylib+0x46c118], sa_mask[0]=11111111011111110111111111111111, sa_flags=SA_RESTART|SA_SIGINFO
SIGILL: [libjvm.dylib+0x46c118], sa_mask[0]=11111111011111110111111111111111, sa_flags=SA_RESTART|SA_SIGINFO
SIGUSR1: SIG_DFL, sa_mask[0]=00000000000000000000000000000000, sa_flags=none
SIGUSR2: [libjvm.dylib+0x46bc36], sa_mask[0]=00100000000000000000000000000000, sa_flags=SA_RESTART|SA_SIGINFO
SIGHUP: [libjvm.dylib+0x46a209], sa_mask[0]=11111111011111110111111111111111, sa_flags=SA_RESTART|SA_SIGINFO
SIGINT: [libjvm.dylib+0x46a209], sa_mask[0]=11111111011111110111111111111111, sa_flags=SA_RESTART|SA_SIGINFO
SIGTERM: [libjvm.dylib+0x46a209], sa_mask[0]=11111111011111110111111111111111, sa_flags=SA_RESTART|SA_SIGINFO
SIGQUIT: [libjvm.dylib+0x46a209], sa_mask[0]=11111111011111110111111111111111, sa_flags=SA_RESTART|SA_SIGINFO


---------------  S Y S T E M  ---------------

OS:Bsduname:Darwin 15.6.0 Darwin Kernel Version 15.6.0: Sun Jun  4 21:43:07 PDT 2017; root:xnu-3248.70.3~1/RELEASE_X86_64 x86_64
rlimit: STACK 8192k, CORE 0k, NPROC 709, NOFILE 10240, AS infinity
load average:1.97 1.80 1.90

CPU:total 2 (2 cores per cpu, 1 threads per core) family 6 model 23 stepping 6, cmov, cx8, fxsr, mmx, sse, sse2, sse3, ssse3, sse4.1, tsc

Memory: 4k page, physical 4194304k(70352k free)

/proc/meminfo:


vm_info: Java HotSpot(TM) 64-Bit Server VM (25.40-b25) for bsd-amd64 JRE (1.8.0_40-b27), built on Mar 13 2015 04:46:52 by "java_re" with gcc 4.2.1 (Based on Apple Inc. build 5658) (LLVM build 2336.11.00)

time: Mon Nov  6 19:59:34 2017
elapsed time: 434 seconds (0d 0h 7m 14s)

